<?xml version="1.0"?>
<testsuite name="PhantomJS 2.1.1 (Mac OS X 0.0.0)" package="design-center-js" timestamp="2016-06-09T13:40:19" id="0" hostname="ip-172-16-1-42.us-west-2.compute.internal" tests="3" errors="0" failures="0" time="0.004">
  <properties>
    <property name="browser.fullName" value="Mozilla/5.0 (Macintosh; Intel Mac OS X) AppleWebKit/538.1 (KHTML, like Gecko) PhantomJS/2.1.1 Safari/538.1"/>
  </properties>
  <testcase name="Bar should initialize and set its name" time="0.002" classname="PhantomJS_2_1_1_(Mac_OS_X_0_0_0).design-center-js.Bar"/>
  <testcase name="Bar api should return one of 3 strings" time="0" classname="PhantomJS_2_1_1_(Mac_OS_X_0_0_0).design-center-js.Bar"/>
  <testcase name="Foo api should greet" time="0.002" classname="PhantomJS_2_1_1_(Mac_OS_X_0_0_0).design-center-js.Foo"/>
  <system-out>
    <![CDATA[
]]>
  </system-out>
  <system-err/>
</testsuite>